# JRE version: OpenJDK Runtime Environment (19.0.1+10) (build 19.0.1+10-21)
# Java VM: OpenJDK 64-Bit Server VM (19.0.1+10-21, mixed mode, sharing, tiered, compressed oops, compressed class ptrs, g1 gc, windows-amd64)
GC Precious Log:
 CardTable entry size: 512
 Card Set container configuration: InlinePtr #cards 5 size 8 Array Of Cards #cards 12 size 40 Howl #buckets 4 coarsen threshold 1843 Howl Bitmap #cards 512 size 80 coarsen threshold 460 Card regions per heap region 1 cards per card region 2048
 CPUs: 12 total, 12 available
 Memory: 7514M
 Large Page Support: Disabled
 NUMA Support: Disabled
 Compressed Oops: Enabled (32-bit)
 Heap Region Size: 1M
 Heap Min Capacity: 256M
 Heap Initial Capacity: 256M
 Heap Max Capacity: 512M
 Pre-touch: Disabled
 Parallel Workers: 10
 Concurrent Workers: 3
 Concurrent Refinement Workers: 10
 Periodic GC: Disabled
Heap:
 garbage-first heap   total 282624K, used 189440K [0x00000000e0000000, 0x0000000100000000)
  region size 1024K, 43 young (44032K), 14 survivors (14336K)
 Metaspace       used 67486K, committed 69504K, reserved 380928K
  class space    used 8987K, committed 10048K, reserved 315392K
GC Heap History (20 events):
Event: 9.406 GC heap before
{Heap before GC invocations=5 (full 0):
 garbage-first heap   total 262144K, used 33452K [0x00000000e0000000, 0x0000000100000000)
  region size 1024K, 12 young (12288K), 9 survivors (9216K)
 Metaspace       used 35114K, committed 36288K, reserved 380928K
  class space    used 4792K, committed 5440K, reserved 315392K
}
Event: 9.414 GC heap after
{Heap after GC invocations=6 (full 0):
 garbage-first heap   total 262144K, used 31659K [0x00000000e0000000, 0x0000000100000000)
  region size 1024K, 2 young (2048K), 2 survivors (2048K)
 Metaspace       used 35114K, committed 36288K, reserved 380928K
  class space    used 4792K, committed 5440K, reserved 315392K
}
Event: 9.514 GC heap before
{Heap before GC invocations=6 (full 0):
 garbage-first heap   total 262144K, used 34731K [0x00000000e0000000, 0x0000000100000000)
  region size 1024K, 6 young (6144K), 2 survivors (2048K)
 Metaspace       used 35380K, committed 36608K, reserved 380928K
  class space    used 4826K, committed 5504K, reserved 315392K
}
Event: 9.517 GC heap after
{Heap after GC invocations=7 (full 0):
 garbage-first heap   total 262144K, used 31179K [0x00000000e0000000, 0x0000000100000000)
  region size 1024K, 1 young (1024K), 1 survivors (1024K)
 Metaspace       used 35380K, committed 36608K, reserved 380928K
  class space    used 4826K, committed 5504K, reserved 315392K
}
Event: 13.827 GC heap before
{Heap before GC invocations=8 (full 0):
 garbage-first heap   total 262144K, used 187851K [0x00000000e0000000, 0x0000000100000000)
  region size 1024K, 153 young (156672K), 1 survivors (1024K)
 Metaspace       used 51109K, committed 52864K, reserved 380928K
  class space    used 7147K, committed 8064K, reserved 315392K
}
Event: 13.843 GC heap after
{Heap after GC invocations=9 (full 0):
 garbage-first heap   total 262144K, used 42219K [0x00000000e0000000, 0x0000000100000000)
  region size 1024K, 12 young (12288K), 12 survivors (12288K)
 Metaspace       used 51109K, committed 52864K, reserved 380928K
  class space    used 7147K, committed 8064K, reserved 315392K
}
Event: 13.852 GC heap before
{Heap before GC invocations=9 (full 0):
 garbage-first heap   total 262144K, used 43243K [0x00000000e0000000, 0x0000000100000000)
  region size 1024K, 13 young (13312K), 12 survivors (12288K)
 Metaspace       used 51112K, committed 52928K, reserved 380928K
  class space    used 7148K, committed 8064K, reserved 315392K
}
Event: 13.863 GC heap after
{Heap after GC invocations=10 (full 0):
 garbage-first heap   total 262144K, used 42721K [0x00000000e0000000, 0x0000000100000000)
  region size 1024K, 1 young (1024K), 1 survivors (1024K)
 Metaspace       used 51112K, committed 52928K, reserved 380928K
  class space    used 7148K, committed 8064K, reserved 315392K
}
Event: 17.671 GC heap before
{Heap before GC invocations=10 (full 0):
 garbage-first heap   total 262144K, used 190177K [0x00000000e0000000, 0x0000000100000000)
  region size 1024K, 146 young (149504K), 1 survivors (1024K)
 Metaspace       used 57106K, committed 59008K, reserved 380928K
  class space    used 7844K, committed 8832K, reserved 315392K
}
Event: 17.687 GC heap after
{Heap after GC invocations=11 (full 0):
 garbage-first heap   total 262144K, used 53594K [0x00000000e0000000, 0x0000000100000000)
  region size 1024K, 12 young (12288K), 12 survivors (12288K)
 Metaspace       used 57106K, committed 59008K, reserved 380928K
  class space    used 7844K, committed 8832K, reserved 315392K
}
Event: 30.738 GC heap before
{Heap before GC invocations=11 (full 0):
 garbage-first heap   total 262144K, used 184666K [0x00000000e0000000, 0x0000000100000000)
  region size 1024K, 141 young (144384K), 12 survivors (12288K)
 Metaspace       used 59139K, committed 61120K, reserved 380928K
  class space    used 8065K, committed 9088K, reserved 315392K
}
Event: 30.753 GC heap after
{Heap after GC invocations=12 (full 0):
 garbage-first heap   total 262144K, used 54419K [0x00000000e0000000, 0x0000000100000000)
  region size 1024K, 4 young (4096K), 4 survivors (4096K)
 Metaspace       used 59139K, committed 61120K, reserved 380928K
  class space    used 8065K, committed 9088K, reserved 315392K
}
Event: 33.382 GC heap before
{Heap before GC invocations=13 (full 0):
 garbage-first heap   total 262144K, used 201875K [0x00000000e0000000, 0x0000000100000000)
  region size 1024K, 149 young (152576K), 4 survivors (4096K)
 Metaspace       used 59886K, committed 61888K, reserved 380928K
  class space    used 8075K, committed 9152K, reserved 315392K
}
Event: 33.396 GC heap after
{Heap after GC invocations=14 (full 0):
 garbage-first heap   total 262144K, used 67569K [0x00000000e0000000, 0x0000000100000000)
  region size 1024K, 17 young (17408K), 17 survivors (17408K)
 Metaspace       used 59886K, committed 61888K, reserved 380928K
  class space    used 8075K, committed 9152K, reserved 315392K
}
Event: 33.405 GC heap before
{Heap before GC invocations=14 (full 0):
 garbage-first heap   total 262144K, used 68593K [0x00000000e0000000, 0x0000000100000000)
  region size 1024K, 18 young (18432K), 17 survivors (17408K)
 Metaspace       used 59888K, committed 61888K, reserved 380928K
  class space    used 8075K, committed 9152K, reserved 315392K
}
Event: 33.420 GC heap after
{Heap after GC invocations=15 (full 0):
 garbage-first heap   total 262144K, used 69315K [0x00000000e0000000, 0x0000000100000000)
  region size 1024K, 3 young (3072K), 3 survivors (3072K)
 Metaspace       used 59888K, committed 61888K, reserved 380928K
  class space    used 8075K, committed 9152K, reserved 315392K
}
Event: 35.938 GC heap before
{Heap before GC invocations=15 (full 0):
 garbage-first heap   total 262144K, used 247491K [0x00000000e0000000, 0x0000000100000000)
  region size 1024K, 134 young (137216K), 3 survivors (3072K)
 Metaspace       used 61888K, committed 63872K, reserved 380928K
  class space    used 8349K, committed 9408K, reserved 315392K
}
Event: 35.980 GC heap after
{Heap after GC invocations=16 (full 0):
 garbage-first heap   total 282624K, used 118784K [0x00000000e0000000, 0x0000000100000000)
  region size 1024K, 17 young (17408K), 17 survivors (17408K)
 Metaspace       used 61888K, committed 63872K, reserved 380928K
  class space    used 8349K, committed 9408K, reserved 315392K
}
Event: 37.392 GC heap before
{Heap before GC invocations=16 (full 0):
 garbage-first heap   total 282624K, used 222208K [0x00000000e0000000, 0x0000000100000000)
  region size 1024K, 105 young (107520K), 17 survivors (17408K)
 Metaspace       used 67467K, committed 69504K, reserved 380928K
  class space    used 8987K, committed 10048K, reserved 315392K
}
Event: 37.427 GC heap after
{Heap after GC invocations=17 (full 0):
 garbage-first heap   total 282624K, used 159744K [0x00000000e0000000, 0x0000000100000000)
  region size 1024K, 14 young (14336K), 14 survivors (14336K)
 Metaspace       used 67467K, committed 69504K, reserved 380928K
  class space    used 8987K, committed 10048K, reserved 315392K
}

